{"D:\\proj\\jscript\\ms-mbintangprayogautama-betest\\user-service\\src\\controllers\\UserController.ts": {"path":"D:\\proj\\jscript\\ms-mbintangprayogautama-betest\\user-service\\src\\controllers\\UserController.ts","statementMap":{"0":{"start":{"line":3,"column":0},"end":{"line":3,"column":null}},"1":{"start":{"line":15,"column":2},"end":{"line":33,"column":4}},"2":{"start":{"line":20,"column":4},"end":{"line":32,"column":5}},"3":{"start":{"line":21,"column":21},"end":{"line":21,"column":57}},"4":{"start":{"line":22,"column":6},"end":{"line":27,"column":7}},"5":{"start":{"line":23,"column":8},"end":{"line":25,"column":79}},"6":{"start":{"line":26,"column":8},"end":{"line":26,"column":15}},"7":{"start":{"line":28,"column":19},"end":{"line":28,"column":61}},"8":{"start":{"line":29,"column":6},"end":{"line":29,"column":33}},"9":{"start":{"line":31,"column":6},"end":{"line":31,"column":16}},"10":{"start":{"line":35,"column":2},"end":{"line":46,"column":4}},"11":{"start":{"line":40,"column":4},"end":{"line":45,"column":5}},"12":{"start":{"line":41,"column":20},"end":{"line":41,"column":52}},"13":{"start":{"line":42,"column":6},"end":{"line":42,"column":22}},"14":{"start":{"line":44,"column":6},"end":{"line":44,"column":16}},"15":{"start":{"line":48,"column":2},"end":{"line":63,"column":4}},"16":{"start":{"line":53,"column":4},"end":{"line":62,"column":5}},"17":{"start":{"line":54,"column":19},"end":{"line":54,"column":72}},"18":{"start":{"line":55,"column":6},"end":{"line":58,"column":7}},"19":{"start":{"line":56,"column":8},"end":{"line":56,"column":60}},"20":{"start":{"line":57,"column":8},"end":{"line":57,"column":15}},"21":{"start":{"line":59,"column":6},"end":{"line":59,"column":21}},"22":{"start":{"line":61,"column":6},"end":{"line":61,"column":16}},"23":{"start":{"line":65,"column":2},"end":{"line":82,"column":4}},"24":{"start":{"line":70,"column":4},"end":{"line":81,"column":5}},"25":{"start":{"line":71,"column":19},"end":{"line":72,"column":null}},"26":{"start":{"line":74,"column":6},"end":{"line":77,"column":7}},"27":{"start":{"line":75,"column":8},"end":{"line":75,"column":60}},"28":{"start":{"line":76,"column":8},"end":{"line":76,"column":15}},"29":{"start":{"line":78,"column":6},"end":{"line":78,"column":21}},"30":{"start":{"line":80,"column":6},"end":{"line":80,"column":16}},"31":{"start":{"line":84,"column":2},"end":{"line":101,"column":4}},"32":{"start":{"line":89,"column":4},"end":{"line":100,"column":5}},"33":{"start":{"line":90,"column":19},"end":{"line":91,"column":null}},"34":{"start":{"line":93,"column":6},"end":{"line":96,"column":7}},"35":{"start":{"line":94,"column":8},"end":{"line":94,"column":60}},"36":{"start":{"line":95,"column":8},"end":{"line":95,"column":15}},"37":{"start":{"line":97,"column":6},"end":{"line":97,"column":21}},"38":{"start":{"line":99,"column":6},"end":{"line":99,"column":16}},"39":{"start":{"line":103,"column":2},"end":{"line":128,"column":4}},"40":{"start":{"line":108,"column":4},"end":{"line":127,"column":5}},"41":{"start":{"line":109,"column":21},"end":{"line":109,"column":57}},"42":{"start":{"line":110,"column":6},"end":{"line":115,"column":7}},"43":{"start":{"line":111,"column":8},"end":{"line":113,"column":79}},"44":{"start":{"line":114,"column":8},"end":{"line":114,"column":15}},"45":{"start":{"line":116,"column":19},"end":{"line":118,"column":null}},"46":{"start":{"line":120,"column":6},"end":{"line":123,"column":7}},"47":{"start":{"line":121,"column":8},"end":{"line":121,"column":60}},"48":{"start":{"line":122,"column":8},"end":{"line":122,"column":15}},"49":{"start":{"line":124,"column":6},"end":{"line":124,"column":21}},"50":{"start":{"line":126,"column":6},"end":{"line":126,"column":16}},"51":{"start":{"line":130,"column":2},"end":{"line":145,"column":4}},"52":{"start":{"line":135,"column":4},"end":{"line":144,"column":5}},"53":{"start":{"line":136,"column":22},"end":{"line":136,"column":74}},"54":{"start":{"line":137,"column":6},"end":{"line":140,"column":7}},"55":{"start":{"line":138,"column":8},"end":{"line":138,"column":60}},"56":{"start":{"line":139,"column":8},"end":{"line":139,"column":15}},"57":{"start":{"line":141,"column":6},"end":{"line":141,"column":29}},"58":{"start":{"line":143,"column":6},"end":{"line":143,"column":16}},"59":{"start":{"line":12,"column":4},"end":{"line":12,"column":27}},"60":{"start":{"line":8,"column":0},"end":{"line":8,"column":13}}},"fnMap":{"0":{"name":"(anonymous_0)","decl":{"start":{"line":11,"column":2},"end":{"line":11,"column":14}},"loc":{"start":{"line":11,"column":35},"end":{"line":13,"column":3}}},"1":{"name":"(anonymous_1)","decl":{"start":{"line":15,"column":11},"end":{"line":15,"column":16}},"loc":{"start":{"line":19,"column":21},"end":{"line":33,"column":3}}},"2":{"name":"(anonymous_2)","decl":{"start":{"line":35,"column":11},"end":{"line":35,"column":16}},"loc":{"start":{"line":39,"column":21},"end":{"line":46,"column":3}}},"3":{"name":"(anonymous_3)","decl":{"start":{"line":48,"column":12},"end":{"line":48,"column":17}},"loc":{"start":{"line":52,"column":21},"end":{"line":63,"column":3}}},"4":{"name":"(anonymous_4)","decl":{"start":{"line":65,"column":23},"end":{"line":65,"column":28}},"loc":{"start":{"line":69,"column":21},"end":{"line":82,"column":3}}},"5":{"name":"(anonymous_5)","decl":{"start":{"line":84,"column":24},"end":{"line":84,"column":29}},"loc":{"start":{"line":88,"column":21},"end":{"line":101,"column":3}}},"6":{"name":"(anonymous_6)","decl":{"start":{"line":103,"column":11},"end":{"line":103,"column":16}},"loc":{"start":{"line":107,"column":21},"end":{"line":128,"column":3}}},"7":{"name":"(anonymous_7)","decl":{"start":{"line":130,"column":11},"end":{"line":130,"column":16}},"loc":{"start":{"line":134,"column":21},"end":{"line":145,"column":3}}}},"branchMap":{"0":{"loc":{"start":{"line":22,"column":6},"end":{"line":27,"column":7}},"type":"if","locations":[{"start":{"line":22,"column":6},"end":{"line":27,"column":7}},{"start":{},"end":{}}]},"1":{"loc":{"start":{"line":55,"column":6},"end":{"line":58,"column":7}},"type":"if","locations":[{"start":{"line":55,"column":6},"end":{"line":58,"column":7}},{"start":{},"end":{}}]},"2":{"loc":{"start":{"line":74,"column":6},"end":{"line":77,"column":7}},"type":"if","locations":[{"start":{"line":74,"column":6},"end":{"line":77,"column":7}},{"start":{},"end":{}}]},"3":{"loc":{"start":{"line":93,"column":6},"end":{"line":96,"column":7}},"type":"if","locations":[{"start":{"line":93,"column":6},"end":{"line":96,"column":7}},{"start":{},"end":{}}]},"4":{"loc":{"start":{"line":110,"column":6},"end":{"line":115,"column":7}},"type":"if","locations":[{"start":{"line":110,"column":6},"end":{"line":115,"column":7}},{"start":{},"end":{}}]},"5":{"loc":{"start":{"line":120,"column":6},"end":{"line":123,"column":7}},"type":"if","locations":[{"start":{"line":120,"column":6},"end":{"line":123,"column":7}},{"start":{},"end":{}}]},"6":{"loc":{"start":{"line":137,"column":6},"end":{"line":140,"column":7}},"type":"if","locations":[{"start":{"line":137,"column":6},"end":{"line":140,"column":7}},{"start":{},"end":{}}]}},"s":{"0":1,"1":1,"2":2,"3":2,"4":2,"5":1,"6":1,"7":1,"8":1,"9":0,"10":1,"11":1,"12":1,"13":1,"14":0,"15":1,"16":2,"17":2,"18":2,"19":1,"20":1,"21":1,"22":0,"23":1,"24":2,"25":2,"26":2,"27":1,"28":1,"29":1,"30":0,"31":1,"32":2,"33":2,"34":2,"35":1,"36":1,"37":1,"38":0,"39":1,"40":2,"41":2,"42":2,"43":0,"44":0,"45":2,"46":2,"47":1,"48":1,"49":1,"50":0,"51":1,"52":2,"53":2,"54":2,"55":1,"56":1,"57":1,"58":0,"59":1,"60":1},"f":{"0":1,"1":2,"2":1,"3":2,"4":2,"5":2,"6":2,"7":2},"b":{"0":[1,1],"1":[1,1],"2":[1,1],"3":[1,1],"4":[0,2],"5":[1,1],"6":[1,1]}}
,"D:\\proj\\jscript\\ms-mbintangprayogautama-betest\\user-service\\src\\middleware\\authMiddleware.ts": {"path":"D:\\proj\\jscript\\ms-mbintangprayogautama-betest\\user-service\\src\\middleware\\authMiddleware.ts","statementMap":{"0":{"start":{"line":4,"column":0},"end":{"line":4,"column":16}},"1":{"start":{"line":2,"column":0},"end":{"line":2,"column":48}},"2":{"start":{"line":5,"column":21},"end":{"line":5,"column":44}},"3":{"start":{"line":7,"column":2},"end":{"line":33,"column":4}},"4":{"start":{"line":12,"column":23},"end":{"line":12,"column":48}},"5":{"start":{"line":14,"column":4},"end":{"line":19,"column":5}},"6":{"start":{"line":15,"column":6},"end":{"line":17,"column":70}},"7":{"start":{"line":18,"column":6},"end":{"line":18,"column":13}},"8":{"start":{"line":21,"column":18},"end":{"line":21,"column":37}},"9":{"start":{"line":23,"column":4},"end":{"line":32,"column":5}},"10":{"start":{"line":24,"column":21},"end":{"line":24,"column":58}},"11":{"start":{"line":25,"column":6},"end":{"line":28,"column":7}},"12":{"start":{"line":26,"column":8},"end":{"line":26,"column":75}},"13":{"start":{"line":27,"column":8},"end":{"line":27,"column":15}},"14":{"start":{"line":29,"column":6},"end":{"line":29,"column":13}},"15":{"start":{"line":31,"column":6},"end":{"line":31,"column":67}}},"fnMap":{"0":{"name":"createAuthMiddleware","decl":{"start":{"line":4,"column":16},"end":{"line":4,"column":36}},"loc":{"start":{"line":4,"column":52},"end":{"line":34,"column":1}}},"1":{"name":"(anonymous_1)","decl":{"start":{"line":7,"column":9},"end":{"line":7,"column":14}},"loc":{"start":{"line":11,"column":21},"end":{"line":33,"column":3}}}},"branchMap":{"0":{"loc":{"start":{"line":14,"column":4},"end":{"line":19,"column":5}},"type":"if","locations":[{"start":{"line":14,"column":4},"end":{"line":19,"column":5}},{"start":{},"end":{}}]},"1":{"loc":{"start":{"line":25,"column":6},"end":{"line":28,"column":7}},"type":"if","locations":[{"start":{"line":25,"column":6},"end":{"line":28,"column":7}},{"start":{},"end":{}}]},"2":{"loc":{"start":{"line":26,"column":40},"end":{"line":26,"column":71}},"type":"binary-expr","locations":[{"start":{"line":26,"column":40},"end":{"line":26,"column":52}},{"start":{"line":26,"column":56},"end":{"line":26,"column":71}}]}},"s":{"0":1,"1":1,"2":1,"3":1,"4":14,"5":14,"6":1,"7":1,"8":13,"9":13,"10":13,"11":13,"12":0,"13":0,"14":13,"15":0},"f":{"0":1,"1":14},"b":{"0":[1,13],"1":[0,13],"2":[0,0]}}
,"D:\\proj\\jscript\\ms-mbintangprayogautama-betest\\user-service\\src\\routes\\userRoutes.ts": {"path":"D:\\proj\\jscript\\ms-mbintangprayogautama-betest\\user-service\\src\\routes\\userRoutes.ts","statementMap":{"0":{"start":{"line":5,"column":0},"end":{"line":5,"column":16}},"1":{"start":{"line":1,"column":0},"end":{"line":1,"column":33}},"2":{"start":{"line":3,"column":0},"end":{"line":3,"column":68}},"3":{"start":{"line":9,"column":17},"end":{"line":9,"column":25}},"4":{"start":{"line":11,"column":2},"end":{"line":11,"column":44}},"5":{"start":{"line":13,"column":2},"end":{"line":13,"column":38}},"6":{"start":{"line":14,"column":2},"end":{"line":14,"column":37}},"7":{"start":{"line":15,"column":2},"end":{"line":15,"column":71}},"8":{"start":{"line":16,"column":2},"end":{"line":16,"column":74}},"9":{"start":{"line":17,"column":2},"end":{"line":17,"column":41}},"10":{"start":{"line":18,"column":2},"end":{"line":18,"column":40}},"11":{"start":{"line":19,"column":2},"end":{"line":19,"column":43}},"12":{"start":{"line":21,"column":2},"end":{"line":21,"column":16}}},"fnMap":{"0":{"name":"createUserRouter","decl":{"start":{"line":5,"column":16},"end":{"line":5,"column":32}},"loc":{"start":{"line":7,"column":17},"end":{"line":22,"column":1}}}},"branchMap":{},"s":{"0":1,"1":1,"2":1,"3":1,"4":1,"5":1,"6":1,"7":1,"8":1,"9":1,"10":1,"11":1,"12":1},"f":{"0":1},"b":{}}
,"D:\\proj\\jscript\\ms-mbintangprayogautama-betest\\user-service\\src\\validators\\userValidator.ts": {"path":"D:\\proj\\jscript\\ms-mbintangprayogautama-betest\\user-service\\src\\validators\\userValidator.ts","statementMap":{"0":{"start":{"line":1,"column":0},"end":{"line":1,"column":24}},"1":{"start":{"line":3,"column":13},"end":{"line":8,"column":3}},"2":{"start":{"line":10,"column":13},"end":{"line":17,"column":5}},"3":{"start":{"line":15,"column":20},"end":{"line":15,"column":48}}},"fnMap":{"0":{"name":"(anonymous_0)","decl":{"start":{"line":15,"column":10},"end":{"line":15,"column":11}},"loc":{"start":{"line":15,"column":20},"end":{"line":15,"column":48}}}},"branchMap":{},"s":{"0":1,"1":1,"2":1,"3":2},"f":{"0":2},"b":{}}
}
