TN:
SF:src\controllers\UserController.ts
FN:11,(anonymous_0)
FN:15,(anonymous_1)
FN:35,(anonymous_2)
FN:48,(anonymous_3)
FN:65,(anonymous_4)
FN:84,(anonymous_5)
FN:103,(anonymous_6)
FN:130,(anonymous_7)
FNF:8
FNH:8
FNDA:1,(anonymous_0)
FNDA:2,(anonymous_1)
FNDA:1,(anonymous_2)
FNDA:2,(anonymous_3)
FNDA:2,(anonymous_4)
FNDA:2,(anonymous_5)
FNDA:2,(anonymous_6)
FNDA:2,(anonymous_7)
DA:3,1
DA:8,1
DA:12,1
DA:15,1
DA:20,2
DA:21,2
DA:22,2
DA:23,1
DA:26,1
DA:28,1
DA:29,1
DA:31,0
DA:35,1
DA:40,1
DA:41,1
DA:42,1
DA:44,0
DA:48,1
DA:53,2
DA:54,2
DA:55,2
DA:56,1
DA:57,1
DA:59,1
DA:61,0
DA:65,1
DA:70,2
DA:71,2
DA:74,2
DA:75,1
DA:76,1
DA:78,1
DA:80,0
DA:84,1
DA:89,2
DA:90,2
DA:93,2
DA:94,1
DA:95,1
DA:97,1
DA:99,0
DA:103,1
DA:108,2
DA:109,2
DA:110,2
DA:111,0
DA:114,0
DA:116,2
DA:120,2
DA:121,1
DA:122,1
DA:124,1
DA:126,0
DA:130,1
DA:135,2
DA:136,2
DA:137,2
DA:138,1
DA:139,1
DA:141,1
DA:143,0
LF:61
LH:52
BRDA:22,0,0,1
BRDA:22,0,1,1
BRDA:55,1,0,1
BRDA:55,1,1,1
BRDA:74,2,0,1
BRDA:74,2,1,1
BRDA:93,3,0,1
BRDA:93,3,1,1
BRDA:110,4,0,0
BRDA:110,4,1,2
BRDA:120,5,0,1
BRDA:120,5,1,1
BRDA:137,6,0,1
BRDA:137,6,1,1
BRF:14
BRH:13
end_of_record
TN:
SF:src\middleware\authMiddleware.ts
FN:4,createAuthMiddleware
FN:7,(anonymous_1)
FNF:2
FNH:2
FNDA:1,createAuthMiddleware
FNDA:14,(anonymous_1)
DA:2,1
DA:4,1
DA:5,1
DA:7,1
DA:12,14
DA:14,14
DA:15,1
DA:18,1
DA:21,13
DA:23,13
DA:24,13
DA:25,13
DA:26,0
DA:27,0
DA:29,13
DA:31,0
LF:16
LH:13
BRDA:14,0,0,1
BRDA:14,0,1,13
BRDA:25,1,0,0
BRDA:25,1,1,13
BRDA:26,2,0,0
BRDA:26,2,1,0
BRF:6
BRH:3
end_of_record
TN:
SF:src\routes\userRoutes.ts
FN:5,createUserRouter
FNF:1
FNH:1
FNDA:1,createUserRouter
DA:1,1
DA:3,1
DA:5,1
DA:9,1
DA:11,1
DA:13,1
DA:14,1
DA:15,1
DA:16,1
DA:17,1
DA:18,1
DA:19,1
DA:21,1
LF:13
LH:13
BRF:0
BRH:0
end_of_record
TN:
SF:src\validators\userValidator.ts
FN:15,(anonymous_0)
FNF:1
FNH:1
FNDA:2,(anonymous_0)
DA:1,1
DA:3,1
DA:10,1
DA:15,2
LF:4
LH:4
BRF:0
BRH:0
end_of_record
